<component name="libraryTable">
  <library name="junit-4.8.2">
    <CLASSES>
      <root url="jar://$PROJECT_DIR$/../junit/junit-4.8.2.jar!/" />
      <root url="jar://$APPLICATION_CONFIG_DIR$/jdbc-drivers/MySQL Connector/J/5.1.46/mysql-connector-java-5.1.46.jar!/" />
    </CLASSES>
    <JAVADOC />
    <SOURCES />
  </library>
</component>